<?xml version="1.0" encoding="UTF-8"?>
<coverage generated="1523225468">
  <project timestamp="1523225468">
    <file name="/Applications/mampstack-7.1.12-0/apache2/htdocs/Assignment1/application/models/AccessoryEntity.php">
      <class name="AccessoryEntity" namespace="global">
        <metrics complexity="24" methods="12" coveredmethods="0" conditionals="0" coveredconditionals="0" statements="36" coveredstatements="15" elements="48" coveredelements="15"/>
      </class>
      <line num="23" type="method" name="getAccessoryId" visibility="public" complexity="1" crap="2" count="0"/>
      <line num="24" type="stmt" count="0"/>
      <line num="27" type="method" name="getDescription" visibility="public" complexity="1" crap="2" count="0"/>
      <line num="28" type="stmt" count="0"/>
      <line num="31" type="method" name="getCategory" visibility="public" complexity="1" crap="2" count="0"/>
      <line num="32" type="stmt" count="0"/>
      <line num="35" type="method" name="getCost" visibility="public" complexity="1" crap="2" count="0"/>
      <line num="36" type="stmt" count="0"/>
      <line num="39" type="method" name="getPopularity" visibility="public" complexity="1" crap="2" count="0"/>
      <line num="40" type="stmt" count="0"/>
      <line num="43" type="method" name="getQuality" visibility="public" complexity="1" crap="2" count="0"/>
      <line num="44" type="stmt" count="0"/>
      <line num="47" type="method" name="setAccessoryId" visibility="public" complexity="2" crap="2.50" count="1"/>
      <line num="49" type="stmt" count="1"/>
      <line num="51" type="stmt" count="1"/>
      <line num="54" type="stmt" count="0"/>
      <line num="55" type="stmt" count="0"/>
      <line num="57" type="method" name="setDescription" visibility="public" complexity="2" crap="2.50" count="1"/>
      <line num="58" type="stmt" count="1"/>
      <line num="60" type="stmt" count="1"/>
      <line num="62" type="stmt" count="0"/>
      <line num="63" type="stmt" count="0"/>
      <line num="65" type="method" name="setCategory" visibility="public" complexity="2" crap="2.50" count="1"/>
      <line num="66" type="stmt" count="1"/>
      <line num="68" type="stmt" count="1"/>
      <line num="70" type="stmt" count="0"/>
      <line num="71" type="stmt" count="0"/>
      <line num="73" type="method" name="setCost" visibility="public" complexity="4" crap="6.00" count="1"/>
      <line num="75" type="stmt" count="1"/>
      <line num="77" type="stmt" count="0"/>
      <line num="80" type="stmt" count="1"/>
      <line num="81" type="stmt" count="1"/>
      <line num="83" type="stmt" count="0"/>
      <line num="84" type="stmt" count="0"/>
      <line num="86" type="method" name="setPopularity" visibility="public" complexity="4" crap="6.00" count="1"/>
      <line num="88" type="stmt" count="1"/>
      <line num="90" type="stmt" count="0"/>
      <line num="93" type="stmt" count="1"/>
      <line num="94" type="stmt" count="1"/>
      <line num="96" type="stmt" count="0"/>
      <line num="97" type="stmt" count="0"/>
      <line num="99" type="method" name="setQuality" visibility="public" complexity="4" crap="6.00" count="1"/>
      <line num="101" type="stmt" count="1"/>
      <line num="103" type="stmt" count="0"/>
      <line num="106" type="stmt" count="1"/>
      <line num="107" type="stmt" count="1"/>
      <line num="109" type="stmt" count="0"/>
      <line num="110" type="stmt" count="0"/>
      <metrics loc="114" ncloc="104" classes="1" methods="12" coveredmethods="0" conditionals="0" coveredconditionals="0" statements="36" coveredstatements="15" elements="48" coveredelements="15"/>
    </file>
    <file name="/Applications/mampstack-7.1.12-0/apache2/htdocs/Assignment1/application/models/Accessory_Model.php">
      <class name="Accessory_Model" namespace="global" fullPackage="Accessory">
        <metrics complexity="1" methods="1" coveredmethods="1" conditionals="0" coveredconditionals="0" statements="2" coveredstatements="2" elements="3" coveredelements="3"/>
      </class>
      <line num="14" type="stmt" count="0"/>
      <line num="18" type="method" name="__construct" complexity="1" crap="1" count="1"/>
      <line num="20" type="stmt" count="1"/>
      <line num="21" type="stmt" count="1"/>
      <metrics loc="27" ncloc="15" classes="1" methods="1" coveredmethods="1" conditionals="0" coveredconditionals="0" statements="3" coveredstatements="2" elements="4" coveredelements="3"/>
    </file>
    <file name="/Applications/mampstack-7.1.12-0/apache2/htdocs/Assignment1/application/models/App.php">
      <class name="App" namespace="global">
        <metrics complexity="2" methods="1" coveredmethods="0" conditionals="0" coveredconditionals="0" statements="1" coveredstatements="0" elements="2" coveredelements="0"/>
      </class>
      <line num="24" type="method" name="mapping" visibility="public" complexity="2" crap="6" count="0"/>
      <line num="26" type="stmt" count="0"/>
      <metrics loc="29" ncloc="17" classes="1" methods="1" coveredmethods="0" conditionals="0" coveredconditionals="0" statements="1" coveredstatements="0" elements="2" coveredelements="0"/>
    </file>
    <file name="/Applications/mampstack-7.1.12-0/apache2/htdocs/Assignment1/application/models/CategoryEntity.php">
      <class name="CategoryEntity" namespace="global">
        <metrics complexity="4" methods="4" coveredmethods="0" conditionals="0" coveredconditionals="0" statements="6" coveredstatements="0" elements="10" coveredelements="0"/>
      </class>
      <line num="20" type="method" name="getCategoryId" visibility="public" complexity="1" crap="2" count="0"/>
      <line num="21" type="stmt" count="0"/>
      <line num="24" type="method" name="getName" visibility="public" complexity="1" crap="2" count="0"/>
      <line num="25" type="stmt" count="0"/>
      <line num="28" type="method" name="setCategoryId" visibility="public" complexity="1" crap="2" count="0"/>
      <line num="29" type="stmt" count="0"/>
      <line num="30" type="stmt" count="0"/>
      <line num="32" type="method" name="setName" visibility="public" complexity="1" crap="2" count="0"/>
      <line num="33" type="stmt" count="0"/>
      <line num="34" type="stmt" count="0"/>
      <metrics loc="36" ncloc="20" classes="1" methods="4" coveredmethods="0" conditionals="0" coveredconditionals="0" statements="6" coveredstatements="0" elements="10" coveredelements="0"/>
    </file>
    <file name="/Applications/mampstack-7.1.12-0/apache2/htdocs/Assignment1/application/models/Category_Model.php">
      <class name="Category_Model" namespace="global" fullPackage="Category">
        <metrics complexity="1" methods="1" coveredmethods="0" conditionals="0" coveredconditionals="0" statements="2" coveredstatements="0" elements="3" coveredelements="0"/>
      </class>
      <line num="14" type="stmt" count="0"/>
      <line num="17" type="method" name="__construct" complexity="1" crap="2" count="0"/>
      <line num="19" type="stmt" count="0"/>
      <line num="20" type="stmt" count="0"/>
      <metrics loc="22" ncloc="10" classes="1" methods="1" coveredmethods="0" conditionals="0" coveredconditionals="0" statements="3" coveredstatements="0" elements="4" coveredelements="0"/>
    </file>
    <file name="/Applications/mampstack-7.1.12-0/apache2/htdocs/Assignment1/application/models/SetDetailEntity.php">
      <class name="SetDetailEntity" namespace="global">
        <metrics complexity="6" methods="6" coveredmethods="0" conditionals="0" coveredconditionals="0" statements="9" coveredstatements="0" elements="15" coveredelements="0"/>
      </class>
      <line num="21" type="method" name="getId" complexity="1" crap="2" count="0"/>
      <line num="22" type="stmt" count="0"/>
      <line num="25" type="method" name="getSetId" complexity="1" crap="2" count="0"/>
      <line num="26" type="stmt" count="0"/>
      <line num="29" type="method" name="getAccessoryId" complexity="1" crap="2" count="0"/>
      <line num="30" type="stmt" count="0"/>
      <line num="33" type="method" name="setId" complexity="1" crap="2" count="0"/>
      <line num="34" type="stmt" count="0"/>
      <line num="35" type="stmt" count="0"/>
      <line num="37" type="method" name="setSetId" complexity="1" crap="2" count="0"/>
      <line num="38" type="stmt" count="0"/>
      <line num="39" type="stmt" count="0"/>
      <line num="41" type="method" name="setAccessoryId" complexity="1" crap="2" count="0"/>
      <line num="42" type="stmt" count="0"/>
      <line num="43" type="stmt" count="0"/>
      <metrics loc="46" ncloc="34" classes="1" methods="6" coveredmethods="0" conditionals="0" coveredconditionals="0" statements="9" coveredstatements="0" elements="15" coveredelements="0"/>
    </file>
    <file name="/Applications/mampstack-7.1.12-0/apache2/htdocs/Assignment1/application/models/SetDetail_Model.php">
      <class name="SetDetail_Model" namespace="global" fullPackage="SetDetail">
        <metrics complexity="1" methods="1" coveredmethods="0" conditionals="0" coveredconditionals="0" statements="2" coveredstatements="0" elements="3" coveredelements="0"/>
      </class>
      <line num="14" type="stmt" count="0"/>
      <line num="18" type="method" name="__construct" complexity="1" crap="2" count="0"/>
      <line num="20" type="stmt" count="0"/>
      <line num="21" type="stmt" count="0"/>
      <metrics loc="22" ncloc="10" classes="1" methods="1" coveredmethods="0" conditionals="0" coveredconditionals="0" statements="3" coveredstatements="0" elements="4" coveredelements="0"/>
    </file>
    <file name="/Applications/mampstack-7.1.12-0/apache2/htdocs/Assignment1/application/models/SetEntity.php">
      <class name="SetEntity" namespace="global">
        <metrics complexity="4" methods="4" coveredmethods="0" conditionals="0" coveredconditionals="0" statements="6" coveredstatements="0" elements="10" coveredelements="0"/>
      </class>
      <line num="19" type="method" name="getSetId" visibility="public" complexity="1" crap="2" count="0"/>
      <line num="20" type="stmt" count="0"/>
      <line num="23" type="method" name="getName" visibility="public" complexity="1" crap="2" count="0"/>
      <line num="24" type="stmt" count="0"/>
      <line num="27" type="method" name="setSetId" visibility="public" complexity="1" crap="2" count="0"/>
      <line num="28" type="stmt" count="0"/>
      <line num="29" type="stmt" count="0"/>
      <line num="31" type="method" name="setName" visibility="public" complexity="1" crap="2" count="0"/>
      <line num="32" type="stmt" count="0"/>
      <line num="33" type="stmt" count="0"/>
      <metrics loc="36" ncloc="24" classes="1" methods="4" coveredmethods="0" conditionals="0" coveredconditionals="0" statements="6" coveredstatements="0" elements="10" coveredelements="0"/>
    </file>
    <file name="/Applications/mampstack-7.1.12-0/apache2/htdocs/Assignment1/application/models/Set_Model.php">
      <class name="Set_Model" namespace="global" fullPackage="Set">
        <metrics complexity="1" methods="1" coveredmethods="0" conditionals="0" coveredconditionals="0" statements="2" coveredstatements="0" elements="3" coveredelements="0"/>
      </class>
      <line num="14" type="stmt" count="0"/>
      <line num="16" type="method" name="__construct" complexity="1" crap="2" count="0"/>
      <line num="18" type="stmt" count="0"/>
      <line num="19" type="stmt" count="0"/>
      <metrics loc="20" ncloc="10" classes="1" methods="1" coveredmethods="0" conditionals="0" coveredconditionals="0" statements="3" coveredstatements="0" elements="4" coveredelements="0"/>
    </file>
    <metrics files="9" loc="352" ncloc="244" classes="9" methods="31" coveredmethods="1" conditionals="0" coveredconditionals="0" statements="70" coveredstatements="17" elements="101" coveredelements="18"/>
  </project>
</coverage>
